<?xml version="1.0" encoding="UTF-8"?>
<testsuite xmlns:xsi="http://www.w3.org/2001/XMLSchema-instance" xsi:noNamespaceSchemaLocation="https://maven.apache.org/surefire/maven-surefire-plugin/xsd/surefire-test-report-3.0.xsd" version="3.0" name="org.json.simple.Test" time="0.02" tests="2" errors="0" skipped="0" failures="0">
  <properties>
    <property name="awt.toolkit" value="sun.awt.X11.XToolkit"/>
    <property name="file.encoding.pkg" value="sun.io"/>
    <property name="java.specification.version" value="1.8"/>
    <property name="sun.cpu.isalist" value=""/>
    <property name="sun.jnu.encoding" value="UTF-8"/>
    <property name="java.class.path" value="/apps/carolyn/library/json-simple-master/target/test-classes:/apps/carolyn/library/json-simple-master/target/classes:/apps/carolyn/.m2/repository/junit/junit/4.10/junit-4.10.jar:/apps/carolyn/.m2/repository/org/hamcrest/hamcrest-core/1.1/hamcrest-core-1.1.jar:"/>
    <property name="java.vm.vendor" value="Oracle Corporation"/>
    <property name="sun.arch.data.model" value="64"/>
    <property name="java.vendor.url" value="http://java.oracle.com/"/>
    <property name="user.timezone" value=""/>
    <property name="java.vm.specification.version" value="1.8"/>
    <property name="os.name" value="Linux"/>
    <property name="user.country" value="US"/>
    <property name="sun.java.launcher" value="SUN_STANDARD"/>
    <property name="sun.boot.library.path" value="/usr/java/jdk1.8.0_281-amd64/jre/lib/amd64"/>
    <property name="sun.java.command" value="/apps/carolyn/library/json-simple-master/target/surefire/surefirebooter3811971969513780102.jar /apps/carolyn/library/json-simple-master/target/surefire 2021-04-06T15-21-34_023-jvmRun1 surefire6161899630707979387tmp surefire_06751568523032891732tmp"/>
    <property name="surefire.test.class.path" value="/apps/carolyn/library/json-simple-master/target/test-classes:/apps/carolyn/library/json-simple-master/target/classes:/apps/carolyn/.m2/repository/junit/junit/4.10/junit-4.10.jar:/apps/carolyn/.m2/repository/org/hamcrest/hamcrest-core/1.1/hamcrest-core-1.1.jar:"/>
    <property name="sun.cpu.endian" value="little"/>
    <property name="user.home" value="/apps/carolyn"/>
    <property name="user.language" value="en"/>
    <property name="java.specification.vendor" value="Oracle Corporation"/>
    <property name="java.home" value="/usr/java/jdk1.8.0_281-amd64/jre"/>
    <property name="basedir" value="/apps/carolyn/library/json-simple-master"/>
    <property name="file.separator" value="/"/>
    <property name="line.separator" value="&#10;"/>
    <property name="java.vm.specification.vendor" value="Oracle Corporation"/>
    <property name="java.specification.name" value="Java Platform API Specification"/>
    <property name="java.awt.graphicsenv" value="sun.awt.X11GraphicsEnvironment"/>
    <property name="surefire.real.class.path" value="/apps/carolyn/library/json-simple-master/target/surefire/surefirebooter3811971969513780102.jar"/>
    <property name="sun.boot.class.path" value="/usr/java/jdk1.8.0_281-amd64/jre/lib/resources.jar:/usr/java/jdk1.8.0_281-amd64/jre/lib/rt.jar:/usr/java/jdk1.8.0_281-amd64/jre/lib/sunrsasign.jar:/usr/java/jdk1.8.0_281-amd64/jre/lib/jsse.jar:/usr/java/jdk1.8.0_281-amd64/jre/lib/jce.jar:/usr/java/jdk1.8.0_281-amd64/jre/lib/charsets.jar:/usr/java/jdk1.8.0_281-amd64/jre/lib/jfr.jar:/usr/java/jdk1.8.0_281-amd64/jre/classes"/>
    <property name="sun.management.compiler" value="HotSpot 64-Bit Tiered Compilers"/>
    <property name="java.runtime.version" value="1.8.0_281-b09"/>
    <property name="user.name" value="carolyn"/>
    <property name="path.separator" value=":"/>
    <property name="os.version" value="3.10.0-1127.18.2.el7.x86_64"/>
    <property name="java.endorsed.dirs" value="/usr/java/jdk1.8.0_281-amd64/jre/lib/endorsed"/>
    <property name="java.runtime.name" value="Java(TM) SE Runtime Environment"/>
    <property name="file.encoding" value="UTF-8"/>
    <property name="java.vm.name" value="Java HotSpot(TM) 64-Bit Server VM"/>
    <property name="localRepository" value="/apps/carolyn/.m2/repository"/>
    <property name="java.vendor.url.bug" value="http://bugreport.sun.com/bugreport/"/>
    <property name="java.io.tmpdir" value="/tmp"/>
    <property name="java.version" value="1.8.0_281"/>
    <property name="user.dir" value="/apps/carolyn/library/json-simple-master"/>
    <property name="os.arch" value="amd64"/>
    <property name="java.vm.specification.name" value="Java Virtual Machine Specification"/>
    <property name="java.awt.printerjob" value="sun.print.PSPrinterJob"/>
    <property name="sun.os.patch.level" value="unknown"/>
    <property name="java.library.path" value="/usr/java/packages/lib/amd64:/usr/lib64:/lib64:/lib:/usr/lib"/>
    <property name="java.vm.info" value="mixed mode"/>
    <property name="java.vendor" value="Oracle Corporation"/>
    <property name="java.vm.version" value="25.281-b09"/>
    <property name="java.ext.dirs" value="/usr/java/jdk1.8.0_281-amd64/jre/lib/ext:/usr/java/packages/lib/ext"/>
    <property name="sun.io.unicode.encoding" value="UnicodeLittle"/>
    <property name="java.class.version" value="52.0"/>
  </properties>
  <testcase name="testEncode" classname="org.json.simple.Test" time="0.003">
    <system-out><![CDATA[=======encode=======
======array1==========
["abc\u0010a\/",123,222.123,true]

======obj1 with array1===========
{"array1":["abc\u0010a\/",123,222.123,true]}

======array1 with obj1========
["abc\u0010a\/",123,222.123,true,{}]

======list==========
["abc\u0010a\/",123,222.123,true,null]

======map with list===========
{array1=[abc&amp#16;a/, 123, 222.123, true, null]}

[{"k11":"v11","k12":"v12","k13":"v13"},{"k21":"v21","k22":"v22","k23":"v23"}]
[{"k11":"v11","k12":"v12","k13":"v13"},{"k21":"v21","k22":"v22","k23":"v23"}]
[{"k11":"v11","k12":"v12","k13":"v13","k14":{"k31":"v3","k32":123.45,"k33":false,"k34":null,"k35":["vvv","1.23456789123456789",true,null]}},{"k21":"v21","k22":"v22","k23":"v23"}]
]]></system-out>
  </testcase>
  <testcase name="testDecode" classname="org.json.simple.Test" time="0.003">
    <system-out><![CDATA[=======decode=======
======the 2nd element of array======
{"1":{"2":{"3":{"4":[5,{"6":7}]}}}}

======field "1"==========
{"2":{"3":{"4":[5,{"6":7}]}}}
Error at character position: 24
Unexpected token: RIGHT BRACE(})
==iterate result==
first=>123
second=>[4, 5, 6]
third=>789
==toJSONString()==
{"first":123,"second":[4,5,6],"third":789}
startJSON()
startObject()
startObjectEntry(), key:first
primitive(): 123
endObjectEntry()
startObjectEntry(), key:second
startArray()
startObject()
startObjectEntry(), key:s1
startObject()
startObjectEntry(), key:s11
primitive(): v11
endObjectEntry()
endObject()
endObjectEntry()
endObject()
primitive(): 4
primitive(): 5
primitive(): 6
endArray()
endObjectEntry()
startObjectEntry(), key:third
primitive(): 789
endObjectEntry()
endObject()
endJSON()
found id:
id1
found id:
123
found id:
null
]]></system-out>
  </testcase>
</testsuite>